/!\ FAILSAFE /!\  Thu Dec 10 17:43:51 +0100 2009
  Status: 500 Internal Server Error
  Can't connect to MySQL server on 'localhost' (10061)
    C:/Ruby/lib/ruby/gems/1.8/gems/activerecord-2.3.4/lib/active_record/connection_adapters/mysql_adapter.rb:585:in `real_connect'
    C:/Ruby/lib/ruby/gems/1.8/gems/activerecord-2.3.4/lib/active_record/connection_adapters/mysql_adapter.rb:585:in `connect'
    C:/Ruby/lib/ruby/gems/1.8/gems/activerecord-2.3.4/lib/active_record/connection_adapters/mysql_adapter.rb:199:in `initialize'
    C:/Ruby/lib/ruby/gems/1.8/gems/activerecord-2.3.4/lib/active_record/connection_adapters/mysql_adapter.rb:71:in `new'
    C:/Ruby/lib/ruby/gems/1.8/gems/activerecord-2.3.4/lib/active_record/connection_adapters/mysql_adapter.rb:71:in `mysql_connection'
    C:/Ruby/lib/ruby/gems/1.8/gems/activerecord-2.3.4/lib/active_record/connection_adapters/abstract/connection_pool.rb:223:in `send'
    C:/Ruby/lib/ruby/gems/1.8/gems/activerecord-2.3.4/lib/active_record/connection_adapters/abstract/connection_pool.rb:223:in `new_connection'
    C:/Ruby/lib/ruby/gems/1.8/gems/activerecord-2.3.4/lib/active_record/connection_adapters/abstract/connection_pool.rb:245:in `checkout_new_connection'
    C:/Ruby/lib/ruby/gems/1.8/gems/activerecord-2.3.4/lib/active_record/connection_adapters/abstract/connection_pool.rb:188:in `checkout'
    C:/Ruby/lib/ruby/gems/1.8/gems/activerecord-2.3.4/lib/active_record/connection_adapters/abstract/connection_pool.rb:184:in `loop'
    C:/Ruby/lib/ruby/gems/1.8/gems/activerecord-2.3.4/lib/active_record/connection_adapters/abstract/connection_pool.rb:184:in `checkout'
    C:/Ruby/lib/ruby/1.8/monitor.rb:242:in `synchronize'
    C:/Ruby/lib/ruby/gems/1.8/gems/activerecord-2.3.4/lib/active_record/connection_adapters/abstract/connection_pool.rb:183:in `checkout'
    C:/Ruby/lib/ruby/gems/1.8/gems/activerecord-2.3.4/lib/active_record/connection_adapters/abstract/connection_pool.rb:98:in `connection'
    C:/Ruby/lib/ruby/gems/1.8/gems/activerecord-2.3.4/lib/active_record/connection_adapters/abstract/connection_pool.rb:326:in `retrieve_connection'
    C:/Ruby/lib/ruby/gems/1.8/gems/activerecord-2.3.4/lib/active_record/connection_adapters/abstract/connection_specification.rb:123:in `retrieve_connection'
    C:/Ruby/lib/ruby/gems/1.8/gems/activerecord-2.3.4/lib/active_record/connection_adapters/abstract/connection_specification.rb:115:in `connection'
    C:/Ruby/lib/ruby/gems/1.8/gems/activerecord-2.3.4/lib/active_record/query_cache.rb:9:in `cache'
    C:/Ruby/lib/ruby/gems/1.8/gems/activerecord-2.3.4/lib/active_record/query_cache.rb:28:in `call'
    C:/Ruby/lib/ruby/gems/1.8/gems/activerecord-2.3.4/lib/active_record/connection_adapters/abstract/connection_pool.rb:361:in `call'
    C:/Ruby/lib/ruby/gems/1.8/gems/rack-1.0.0/lib/rack/head.rb:9:in `call'
    C:/Ruby/lib/ruby/gems/1.8/gems/rack-1.0.0/lib/rack/methodoverride.rb:24:in `call'
    C:/Ruby/lib/ruby/gems/1.8/gems/actionpack-2.3.4/lib/action_controller/params_parser.rb:15:in `call'
    C:/Ruby/lib/ruby/gems/1.8/gems/actionpack-2.3.4/lib/action_controller/session/cookie_store.rb:93:in `call'
    C:/Ruby/lib/ruby/gems/1.8/gems/actionpack-2.3.4/lib/action_controller/failsafe.rb:26:in `call'
    C:/Ruby/lib/ruby/gems/1.8/gems/rack-1.0.0/lib/rack/lock.rb:11:in `call'
    C:/Ruby/lib/ruby/gems/1.8/gems/rack-1.0.0/lib/rack/lock.rb:11:in `synchronize'
    C:/Ruby/lib/ruby/gems/1.8/gems/rack-1.0.0/lib/rack/lock.rb:11:in `call'
    C:/Ruby/lib/ruby/gems/1.8/gems/actionpack-2.3.4/lib/action_controller/dispatcher.rb:114:in `call'
    C:/Ruby/lib/ruby/gems/1.8/gems/actionpack-2.3.4/lib/action_controller/reloader.rb:34:in `run'
    C:/Ruby/lib/ruby/gems/1.8/gems/actionpack-2.3.4/lib/action_controller/dispatcher.rb:108:in `call'
    C:/Ruby/lib/ruby/gems/1.8/gems/rails-2.3.4/lib/rails/rack/static.rb:31:in `call'
    C:/Ruby/lib/ruby/gems/1.8/gems/rack-1.0.0/lib/rack/urlmap.rb:46:in `call'
    C:/Ruby/lib/ruby/gems/1.8/gems/rack-1.0.0/lib/rack/urlmap.rb:40:in `each'
    C:/Ruby/lib/ruby/gems/1.8/gems/rack-1.0.0/lib/rack/urlmap.rb:40:in `call'
    C:/Ruby/lib/ruby/gems/1.8/gems/rails-2.3.4/lib/rails/rack/log_tailer.rb:17:in `call'
    C:/Ruby/lib/ruby/gems/1.8/gems/rack-1.0.0/lib/rack/content_length.rb:13:in `call'
    C:/Ruby/lib/ruby/gems/1.8/gems/rack-1.0.0/lib/rack/chunked.rb:15:in `call'
    C:/Ruby/lib/ruby/gems/1.8/gems/rack-1.0.0/lib/rack/handler/mongrel.rb:61:in `process'
    C:/Ruby/lib/ruby/gems/1.8/gems/mongrel-1.1.5-x86-mswin32-60/lib/mongrel.rb:159:in `process_client'
    C:/Ruby/lib/ruby/gems/1.8/gems/mongrel-1.1.5-x86-mswin32-60/lib/mongrel.rb:158:in `each'
    C:/Ruby/lib/ruby/gems/1.8/gems/mongrel-1.1.5-x86-mswin32-60/lib/mongrel.rb:158:in `process_client'
    C:/Ruby/lib/ruby/gems/1.8/gems/mongrel-1.1.5-x86-mswin32-60/lib/mongrel.rb:285:in `run'
    C:/Ruby/lib/ruby/gems/1.8/gems/mongrel-1.1.5-x86-mswin32-60/lib/mongrel.rb:285:in `initialize'
    C:/Ruby/lib/ruby/gems/1.8/gems/mongrel-1.1.5-x86-mswin32-60/lib/mongrel.rb:285:in `new'
    C:/Ruby/lib/ruby/gems/1.8/gems/mongrel-1.1.5-x86-mswin32-60/lib/mongrel.rb:285:in `run'
    C:/Ruby/lib/ruby/gems/1.8/gems/mongrel-1.1.5-x86-mswin32-60/lib/mongrel.rb:268:in `initialize'
    C:/Ruby/lib/ruby/gems/1.8/gems/mongrel-1.1.5-x86-mswin32-60/lib/mongrel.rb:268:in `new'
    C:/Ruby/lib/ruby/gems/1.8/gems/mongrel-1.1.5-x86-mswin32-60/lib/mongrel.rb:268:in `run'
    C:/Ruby/lib/ruby/gems/1.8/gems/rack-1.0.0/lib/rack/handler/mongrel.rb:34:in `run'
    C:/Ruby/lib/ruby/gems/1.8/gems/rails-2.3.4/lib/commands/server.rb:111
    C:/Ruby/lib/ruby/site_ruby/1.8/rubygems/custom_require.rb:31:in `gem_original_require'
    C:/Ruby/lib/ruby/site_ruby/1.8/rubygems/custom_require.rb:31:in `require'
    ./script/server:3
    -e:2:in `load'
    -e:2
/!\ FAILSAFE /!\  Thu Dec 10 17:44:10 +0100 2009
  Status: 500 Internal Server Error
  Can't connect to MySQL server on 'localhost' (10061)
    C:/Ruby/lib/ruby/gems/1.8/gems/activerecord-2.3.4/lib/active_record/connection_adapters/mysql_adapter.rb:585:in `real_connect'
    C:/Ruby/lib/ruby/gems/1.8/gems/activerecord-2.3.4/lib/active_record/connection_adapters/mysql_adapter.rb:585:in `connect'
    C:/Ruby/lib/ruby/gems/1.8/gems/activerecord-2.3.4/lib/active_record/connection_adapters/mysql_adapter.rb:199:in `initialize'
    C:/Ruby/lib/ruby/gems/1.8/gems/activerecord-2.3.4/lib/active_record/connection_adapters/mysql_adapter.rb:71:in `new'
    C:/Ruby/lib/ruby/gems/1.8/gems/activerecord-2.3.4/lib/active_record/connection_adapters/mysql_adapter.rb:71:in `mysql_connection'
    C:/Ruby/lib/ruby/gems/1.8/gems/activerecord-2.3.4/lib/active_record/connection_adapters/abstract/connection_pool.rb:223:in `send'
    C:/Ruby/lib/ruby/gems/1.8/gems/activerecord-2.3.4/lib/active_record/connection_adapters/abstract/connection_pool.rb:223:in `new_connection'
    C:/Ruby/lib/ruby/gems/1.8/gems/activerecord-2.3.4/lib/active_record/connection_adapters/abstract/connection_pool.rb:245:in `checkout_new_connection'
    C:/Ruby/lib/ruby/gems/1.8/gems/activerecord-2.3.4/lib/active_record/connection_adapters/abstract/connection_pool.rb:188:in `checkout'
    C:/Ruby/lib/ruby/gems/1.8/gems/activerecord-2.3.4/lib/active_record/connection_adapters/abstract/connection_pool.rb:184:in `loop'
    C:/Ruby/lib/ruby/gems/1.8/gems/activerecord-2.3.4/lib/active_record/connection_adapters/abstract/connection_pool.rb:184:in `checkout'
    C:/Ruby/lib/ruby/1.8/monitor.rb:242:in `synchronize'
    C:/Ruby/lib/ruby/gems/1.8/gems/activerecord-2.3.4/lib/active_record/connection_adapters/abstract/connection_pool.rb:183:in `checkout'
    C:/Ruby/lib/ruby/gems/1.8/gems/activerecord-2.3.4/lib/active_record/connection_adapters/abstract/connection_pool.rb:98:in `connection'
    C:/Ruby/lib/ruby/gems/1.8/gems/activerecord-2.3.4/lib/active_record/connection_adapters/abstract/connection_pool.rb:326:in `retrieve_connection'
    C:/Ruby/lib/ruby/gems/1.8/gems/activerecord-2.3.4/lib/active_record/connection_adapters/abstract/connection_specification.rb:123:in `retrieve_connection'
    C:/Ruby/lib/ruby/gems/1.8/gems/activerecord-2.3.4/lib/active_record/connection_adapters/abstract/connection_specification.rb:115:in `connection'
    C:/Ruby/lib/ruby/gems/1.8/gems/activerecord-2.3.4/lib/active_record/query_cache.rb:9:in `cache'
    C:/Ruby/lib/ruby/gems/1.8/gems/activerecord-2.3.4/lib/active_record/query_cache.rb:28:in `call'
    C:/Ruby/lib/ruby/gems/1.8/gems/activerecord-2.3.4/lib/active_record/connection_adapters/abstract/connection_pool.rb:361:in `call'
    C:/Ruby/lib/ruby/gems/1.8/gems/rack-1.0.0/lib/rack/head.rb:9:in `call'
    C:/Ruby/lib/ruby/gems/1.8/gems/rack-1.0.0/lib/rack/methodoverride.rb:24:in `call'
    C:/Ruby/lib/ruby/gems/1.8/gems/actionpack-2.3.4/lib/action_controller/params_parser.rb:15:in `call'
    C:/Ruby/lib/ruby/gems/1.8/gems/actionpack-2.3.4/lib/action_controller/session/cookie_store.rb:93:in `call'
    C:/Ruby/lib/ruby/gems/1.8/gems/actionpack-2.3.4/lib/action_controller/failsafe.rb:26:in `call'
    C:/Ruby/lib/ruby/gems/1.8/gems/rack-1.0.0/lib/rack/lock.rb:11:in `call'
    C:/Ruby/lib/ruby/gems/1.8/gems/rack-1.0.0/lib/rack/lock.rb:11:in `synchronize'
    C:/Ruby/lib/ruby/gems/1.8/gems/rack-1.0.0/lib/rack/lock.rb:11:in `call'
    C:/Ruby/lib/ruby/gems/1.8/gems/actionpack-2.3.4/lib/action_controller/dispatcher.rb:114:in `call'
    C:/Ruby/lib/ruby/gems/1.8/gems/actionpack-2.3.4/lib/action_controller/reloader.rb:34:in `run'
    C:/Ruby/lib/ruby/gems/1.8/gems/actionpack-2.3.4/lib/action_controller/dispatcher.rb:108:in `call'
    C:/Ruby/lib/ruby/gems/1.8/gems/rails-2.3.4/lib/rails/rack/static.rb:31:in `call'
    C:/Ruby/lib/ruby/gems/1.8/gems/rack-1.0.0/lib/rack/urlmap.rb:46:in `call'
    C:/Ruby/lib/ruby/gems/1.8/gems/rack-1.0.0/lib/rack/urlmap.rb:40:in `each'
    C:/Ruby/lib/ruby/gems/1.8/gems/rack-1.0.0/lib/rack/urlmap.rb:40:in `call'
    C:/Ruby/lib/ruby/gems/1.8/gems/rails-2.3.4/lib/rails/rack/log_tailer.rb:17:in `call'
    C:/Ruby/lib/ruby/gems/1.8/gems/rack-1.0.0/lib/rack/content_length.rb:13:in `call'
    C:/Ruby/lib/ruby/gems/1.8/gems/rack-1.0.0/lib/rack/chunked.rb:15:in `call'
    C:/Ruby/lib/ruby/gems/1.8/gems/rack-1.0.0/lib/rack/handler/mongrel.rb:61:in `process'
    C:/Ruby/lib/ruby/gems/1.8/gems/mongrel-1.1.5-x86-mswin32-60/lib/mongrel.rb:159:in `process_client'
    C:/Ruby/lib/ruby/gems/1.8/gems/mongrel-1.1.5-x86-mswin32-60/lib/mongrel.rb:158:in `each'
    C:/Ruby/lib/ruby/gems/1.8/gems/mongrel-1.1.5-x86-mswin32-60/lib/mongrel.rb:158:in `process_client'
    C:/Ruby/lib/ruby/gems/1.8/gems/mongrel-1.1.5-x86-mswin32-60/lib/mongrel.rb:285:in `run'
    C:/Ruby/lib/ruby/gems/1.8/gems/mongrel-1.1.5-x86-mswin32-60/lib/mongrel.rb:285:in `initialize'
    C:/Ruby/lib/ruby/gems/1.8/gems/mongrel-1.1.5-x86-mswin32-60/lib/mongrel.rb:285:in `new'
    C:/Ruby/lib/ruby/gems/1.8/gems/mongrel-1.1.5-x86-mswin32-60/lib/mongrel.rb:285:in `run'
    C:/Ruby/lib/ruby/gems/1.8/gems/mongrel-1.1.5-x86-mswin32-60/lib/mongrel.rb:268:in `initialize'
    C:/Ruby/lib/ruby/gems/1.8/gems/mongrel-1.1.5-x86-mswin32-60/lib/mongrel.rb:268:in `new'
    C:/Ruby/lib/ruby/gems/1.8/gems/mongrel-1.1.5-x86-mswin32-60/lib/mongrel.rb:268:in `run'
    C:/Ruby/lib/ruby/gems/1.8/gems/rack-1.0.0/lib/rack/handler/mongrel.rb:34:in `run'
    C:/Ruby/lib/ruby/gems/1.8/gems/rails-2.3.4/lib/commands/server.rb:111
    C:/Ruby/lib/ruby/site_ruby/1.8/rubygems/custom_require.rb:31:in `gem_original_require'
    C:/Ruby/lib/ruby/site_ruby/1.8/rubygems/custom_require.rb:31:in `require'
    ./script/server:3
    -e:2:in `load'
    -e:2
/!\ FAILSAFE /!\  Thu Dec 10 17:44:43 +0100 2009
  Status: 500 Internal Server Error
  Unknown database 'activerecordreloaded_development'
    C:/Ruby/lib/ruby/gems/1.8/gems/activerecord-2.3.4/lib/active_record/connection_adapters/mysql_adapter.rb:585:in `real_connect'
    C:/Ruby/lib/ruby/gems/1.8/gems/activerecord-2.3.4/lib/active_record/connection_adapters/mysql_adapter.rb:585:in `connect'
    C:/Ruby/lib/ruby/gems/1.8/gems/activerecord-2.3.4/lib/active_record/connection_adapters/mysql_adapter.rb:199:in `initialize'
    C:/Ruby/lib/ruby/gems/1.8/gems/activerecord-2.3.4/lib/active_record/connection_adapters/mysql_adapter.rb:71:in `new'
    C:/Ruby/lib/ruby/gems/1.8/gems/activerecord-2.3.4/lib/active_record/connection_adapters/mysql_adapter.rb:71:in `mysql_connection'
    C:/Ruby/lib/ruby/gems/1.8/gems/activerecord-2.3.4/lib/active_record/connection_adapters/abstract/connection_pool.rb:223:in `send'
    C:/Ruby/lib/ruby/gems/1.8/gems/activerecord-2.3.4/lib/active_record/connection_adapters/abstract/connection_pool.rb:223:in `new_connection'
    C:/Ruby/lib/ruby/gems/1.8/gems/activerecord-2.3.4/lib/active_record/connection_adapters/abstract/connection_pool.rb:245:in `checkout_new_connection'
    C:/Ruby/lib/ruby/gems/1.8/gems/activerecord-2.3.4/lib/active_record/connection_adapters/abstract/connection_pool.rb:188:in `checkout'
    C:/Ruby/lib/ruby/gems/1.8/gems/activerecord-2.3.4/lib/active_record/connection_adapters/abstract/connection_pool.rb:184:in `loop'
    C:/Ruby/lib/ruby/gems/1.8/gems/activerecord-2.3.4/lib/active_record/connection_adapters/abstract/connection_pool.rb:184:in `checkout'
    C:/Ruby/lib/ruby/1.8/monitor.rb:242:in `synchronize'
    C:/Ruby/lib/ruby/gems/1.8/gems/activerecord-2.3.4/lib/active_record/connection_adapters/abstract/connection_pool.rb:183:in `checkout'
    C:/Ruby/lib/ruby/gems/1.8/gems/activerecord-2.3.4/lib/active_record/connection_adapters/abstract/connection_pool.rb:98:in `connection'
    C:/Ruby/lib/ruby/gems/1.8/gems/activerecord-2.3.4/lib/active_record/connection_adapters/abstract/connection_pool.rb:326:in `retrieve_connection'
    C:/Ruby/lib/ruby/gems/1.8/gems/activerecord-2.3.4/lib/active_record/connection_adapters/abstract/connection_specification.rb:123:in `retrieve_connection'
    C:/Ruby/lib/ruby/gems/1.8/gems/activerecord-2.3.4/lib/active_record/connection_adapters/abstract/connection_specification.rb:115:in `connection'
    C:/Ruby/lib/ruby/gems/1.8/gems/activerecord-2.3.4/lib/active_record/query_cache.rb:9:in `cache'
    C:/Ruby/lib/ruby/gems/1.8/gems/activerecord-2.3.4/lib/active_record/query_cache.rb:28:in `call'
    C:/Ruby/lib/ruby/gems/1.8/gems/activerecord-2.3.4/lib/active_record/connection_adapters/abstract/connection_pool.rb:361:in `call'
    C:/Ruby/lib/ruby/gems/1.8/gems/rack-1.0.0/lib/rack/head.rb:9:in `call'
    C:/Ruby/lib/ruby/gems/1.8/gems/rack-1.0.0/lib/rack/methodoverride.rb:24:in `call'
    C:/Ruby/lib/ruby/gems/1.8/gems/actionpack-2.3.4/lib/action_controller/params_parser.rb:15:in `call'
    C:/Ruby/lib/ruby/gems/1.8/gems/actionpack-2.3.4/lib/action_controller/session/cookie_store.rb:93:in `call'
    C:/Ruby/lib/ruby/gems/1.8/gems/actionpack-2.3.4/lib/action_controller/failsafe.rb:26:in `call'
    C:/Ruby/lib/ruby/gems/1.8/gems/rack-1.0.0/lib/rack/lock.rb:11:in `call'
    C:/Ruby/lib/ruby/gems/1.8/gems/rack-1.0.0/lib/rack/lock.rb:11:in `synchronize'
    C:/Ruby/lib/ruby/gems/1.8/gems/rack-1.0.0/lib/rack/lock.rb:11:in `call'
    C:/Ruby/lib/ruby/gems/1.8/gems/actionpack-2.3.4/lib/action_controller/dispatcher.rb:114:in `call'
    C:/Ruby/lib/ruby/gems/1.8/gems/actionpack-2.3.4/lib/action_controller/reloader.rb:34:in `run'
    C:/Ruby/lib/ruby/gems/1.8/gems/actionpack-2.3.4/lib/action_controller/dispatcher.rb:108:in `call'
    C:/Ruby/lib/ruby/gems/1.8/gems/rails-2.3.4/lib/rails/rack/static.rb:31:in `call'
    C:/Ruby/lib/ruby/gems/1.8/gems/rack-1.0.0/lib/rack/urlmap.rb:46:in `call'
    C:/Ruby/lib/ruby/gems/1.8/gems/rack-1.0.0/lib/rack/urlmap.rb:40:in `each'
    C:/Ruby/lib/ruby/gems/1.8/gems/rack-1.0.0/lib/rack/urlmap.rb:40:in `call'
    C:/Ruby/lib/ruby/gems/1.8/gems/rails-2.3.4/lib/rails/rack/log_tailer.rb:17:in `call'
    C:/Ruby/lib/ruby/gems/1.8/gems/rack-1.0.0/lib/rack/content_length.rb:13:in `call'
    C:/Ruby/lib/ruby/gems/1.8/gems/rack-1.0.0/lib/rack/chunked.rb:15:in `call'
    C:/Ruby/lib/ruby/gems/1.8/gems/rack-1.0.0/lib/rack/handler/mongrel.rb:61:in `process'
    C:/Ruby/lib/ruby/gems/1.8/gems/mongrel-1.1.5-x86-mswin32-60/lib/mongrel.rb:159:in `process_client'
    C:/Ruby/lib/ruby/gems/1.8/gems/mongrel-1.1.5-x86-mswin32-60/lib/mongrel.rb:158:in `each'
    C:/Ruby/lib/ruby/gems/1.8/gems/mongrel-1.1.5-x86-mswin32-60/lib/mongrel.rb:158:in `process_client'
    C:/Ruby/lib/ruby/gems/1.8/gems/mongrel-1.1.5-x86-mswin32-60/lib/mongrel.rb:285:in `run'
    C:/Ruby/lib/ruby/gems/1.8/gems/mongrel-1.1.5-x86-mswin32-60/lib/mongrel.rb:285:in `initialize'
    C:/Ruby/lib/ruby/gems/1.8/gems/mongrel-1.1.5-x86-mswin32-60/lib/mongrel.rb:285:in `new'
    C:/Ruby/lib/ruby/gems/1.8/gems/mongrel-1.1.5-x86-mswin32-60/lib/mongrel.rb:285:in `run'
    C:/Ruby/lib/ruby/gems/1.8/gems/mongrel-1.1.5-x86-mswin32-60/lib/mongrel.rb:268:in `initialize'
    C:/Ruby/lib/ruby/gems/1.8/gems/mongrel-1.1.5-x86-mswin32-60/lib/mongrel.rb:268:in `new'
    C:/Ruby/lib/ruby/gems/1.8/gems/mongrel-1.1.5-x86-mswin32-60/lib/mongrel.rb:268:in `run'
    C:/Ruby/lib/ruby/gems/1.8/gems/rack-1.0.0/lib/rack/handler/mongrel.rb:34:in `run'
    C:/Ruby/lib/ruby/gems/1.8/gems/rails-2.3.4/lib/commands/server.rb:111
    C:/Ruby/lib/ruby/site_ruby/1.8/rubygems/custom_require.rb:31:in `gem_original_require'
    C:/Ruby/lib/ruby/site_ruby/1.8/rubygems/custom_require.rb:31:in `require'
    ./script/server:3
    -e:2:in `load'
    -e:2
/!\ FAILSAFE /!\  Thu Dec 10 17:45:03 +0100 2009
  Status: 500 Internal Server Error
  Unknown database 'activerecordreloaded_development'
    C:/Ruby/lib/ruby/gems/1.8/gems/activerecord-2.3.4/lib/active_record/connection_adapters/mysql_adapter.rb:585:in `real_connect'
    C:/Ruby/lib/ruby/gems/1.8/gems/activerecord-2.3.4/lib/active_record/connection_adapters/mysql_adapter.rb:585:in `connect'
    C:/Ruby/lib/ruby/gems/1.8/gems/activerecord-2.3.4/lib/active_record/connection_adapters/mysql_adapter.rb:199:in `initialize'
    C:/Ruby/lib/ruby/gems/1.8/gems/activerecord-2.3.4/lib/active_record/connection_adapters/mysql_adapter.rb:71:in `new'
    C:/Ruby/lib/ruby/gems/1.8/gems/activerecord-2.3.4/lib/active_record/connection_adapters/mysql_adapter.rb:71:in `mysql_connection'
    C:/Ruby/lib/ruby/gems/1.8/gems/activerecord-2.3.4/lib/active_record/connection_adapters/abstract/connection_pool.rb:223:in `send'
    C:/Ruby/lib/ruby/gems/1.8/gems/activerecord-2.3.4/lib/active_record/connection_adapters/abstract/connection_pool.rb:223:in `new_connection'
    C:/Ruby/lib/ruby/gems/1.8/gems/activerecord-2.3.4/lib/active_record/connection_adapters/abstract/connection_pool.rb:245:in `checkout_new_connection'
    C:/Ruby/lib/ruby/gems/1.8/gems/activerecord-2.3.4/lib/active_record/connection_adapters/abstract/connection_pool.rb:188:in `checkout'
    C:/Ruby/lib/ruby/gems/1.8/gems/activerecord-2.3.4/lib/active_record/connection_adapters/abstract/connection_pool.rb:184:in `loop'
    C:/Ruby/lib/ruby/gems/1.8/gems/activerecord-2.3.4/lib/active_record/connection_adapters/abstract/connection_pool.rb:184:in `checkout'
    C:/Ruby/lib/ruby/1.8/monitor.rb:242:in `synchronize'
    C:/Ruby/lib/ruby/gems/1.8/gems/activerecord-2.3.4/lib/active_record/connection_adapters/abstract/connection_pool.rb:183:in `checkout'
    C:/Ruby/lib/ruby/gems/1.8/gems/activerecord-2.3.4/lib/active_record/connection_adapters/abstract/connection_pool.rb:98:in `connection'
    C:/Ruby/lib/ruby/gems/1.8/gems/activerecord-2.3.4/lib/active_record/connection_adapters/abstract/connection_pool.rb:326:in `retrieve_connection'
    C:/Ruby/lib/ruby/gems/1.8/gems/activerecord-2.3.4/lib/active_record/connection_adapters/abstract/connection_specification.rb:123:in `retrieve_connection'
    C:/Ruby/lib/ruby/gems/1.8/gems/activerecord-2.3.4/lib/active_record/connection_adapters/abstract/connection_specification.rb:115:in `connection'
    C:/Ruby/lib/ruby/gems/1.8/gems/activerecord-2.3.4/lib/active_record/query_cache.rb:9:in `cache'
    C:/Ruby/lib/ruby/gems/1.8/gems/activerecord-2.3.4/lib/active_record/query_cache.rb:28:in `call'
    C:/Ruby/lib/ruby/gems/1.8/gems/activerecord-2.3.4/lib/active_record/connection_adapters/abstract/connection_pool.rb:361:in `call'
    C:/Ruby/lib/ruby/gems/1.8/gems/rack-1.0.0/lib/rack/head.rb:9:in `call'
    C:/Ruby/lib/ruby/gems/1.8/gems/rack-1.0.0/lib/rack/methodoverride.rb:24:in `call'
    C:/Ruby/lib/ruby/gems/1.8/gems/actionpack-2.3.4/lib/action_controller/params_parser.rb:15:in `call'
    C:/Ruby/lib/ruby/gems/1.8/gems/actionpack-2.3.4/lib/action_controller/session/cookie_store.rb:93:in `call'
    C:/Ruby/lib/ruby/gems/1.8/gems/actionpack-2.3.4/lib/action_controller/failsafe.rb:26:in `call'
    C:/Ruby/lib/ruby/gems/1.8/gems/rack-1.0.0/lib/rack/lock.rb:11:in `call'
    C:/Ruby/lib/ruby/gems/1.8/gems/rack-1.0.0/lib/rack/lock.rb:11:in `synchronize'
    C:/Ruby/lib/ruby/gems/1.8/gems/rack-1.0.0/lib/rack/lock.rb:11:in `call'
    C:/Ruby/lib/ruby/gems/1.8/gems/actionpack-2.3.4/lib/action_controller/dispatcher.rb:114:in `call'
    C:/Ruby/lib/ruby/gems/1.8/gems/actionpack-2.3.4/lib/action_controller/reloader.rb:34:in `run'
    C:/Ruby/lib/ruby/gems/1.8/gems/actionpack-2.3.4/lib/action_controller/dispatcher.rb:108:in `call'
    C:/Ruby/lib/ruby/gems/1.8/gems/rails-2.3.4/lib/rails/rack/static.rb:31:in `call'
    C:/Ruby/lib/ruby/gems/1.8/gems/rack-1.0.0/lib/rack/urlmap.rb:46:in `call'
    C:/Ruby/lib/ruby/gems/1.8/gems/rack-1.0.0/lib/rack/urlmap.rb:40:in `each'
    C:/Ruby/lib/ruby/gems/1.8/gems/rack-1.0.0/lib/rack/urlmap.rb:40:in `call'
    C:/Ruby/lib/ruby/gems/1.8/gems/rails-2.3.4/lib/rails/rack/log_tailer.rb:17:in `call'
    C:/Ruby/lib/ruby/gems/1.8/gems/rack-1.0.0/lib/rack/content_length.rb:13:in `call'
    C:/Ruby/lib/ruby/gems/1.8/gems/rack-1.0.0/lib/rack/chunked.rb:15:in `call'
    C:/Ruby/lib/ruby/gems/1.8/gems/rack-1.0.0/lib/rack/handler/mongrel.rb:61:in `process'
    C:/Ruby/lib/ruby/gems/1.8/gems/mongrel-1.1.5-x86-mswin32-60/lib/mongrel.rb:159:in `process_client'
    C:/Ruby/lib/ruby/gems/1.8/gems/mongrel-1.1.5-x86-mswin32-60/lib/mongrel.rb:158:in `each'
    C:/Ruby/lib/ruby/gems/1.8/gems/mongrel-1.1.5-x86-mswin32-60/lib/mongrel.rb:158:in `process_client'
    C:/Ruby/lib/ruby/gems/1.8/gems/mongrel-1.1.5-x86-mswin32-60/lib/mongrel.rb:285:in `run'
    C:/Ruby/lib/ruby/gems/1.8/gems/mongrel-1.1.5-x86-mswin32-60/lib/mongrel.rb:285:in `initialize'
    C:/Ruby/lib/ruby/gems/1.8/gems/mongrel-1.1.5-x86-mswin32-60/lib/mongrel.rb:285:in `new'
    C:/Ruby/lib/ruby/gems/1.8/gems/mongrel-1.1.5-x86-mswin32-60/lib/mongrel.rb:285:in `run'
    C:/Ruby/lib/ruby/gems/1.8/gems/mongrel-1.1.5-x86-mswin32-60/lib/mongrel.rb:268:in `initialize'
    C:/Ruby/lib/ruby/gems/1.8/gems/mongrel-1.1.5-x86-mswin32-60/lib/mongrel.rb:268:in `new'
    C:/Ruby/lib/ruby/gems/1.8/gems/mongrel-1.1.5-x86-mswin32-60/lib/mongrel.rb:268:in `run'
    C:/Ruby/lib/ruby/gems/1.8/gems/rack-1.0.0/lib/rack/handler/mongrel.rb:34:in `run'
    C:/Ruby/lib/ruby/gems/1.8/gems/rails-2.3.4/lib/commands/server.rb:111
    C:/Ruby/lib/ruby/site_ruby/1.8/rubygems/custom_require.rb:31:in `gem_original_require'
    C:/Ruby/lib/ruby/site_ruby/1.8/rubygems/custom_require.rb:31:in `require'
    ./script/server:3
    -e:2:in `load'
    -e:2
  [4;36;1mSQL (0.0ms)[0m   [0;1mSET NAMES 'utf8'[0m
  [4;35;1mSQL (0.0ms)[0m   [0mSET SQL_AUTO_IS_NULL=0[0m


Processing Rails::InfoController#properties (for 127.0.0.1 at 2009-12-10 17:46:17) [GET]
  [4;36;1mSQL (23.0ms)[0m   [0;1mSHOW TABLES[0m
Completed in 129ms (View: 15, DB: 23) | 200 OK [http://127.0.0.1/rails/info/properties]
